[0514/133914.527:INFO:CONSOLE(21172)] "THREE.WebGLRenderer 92", source: file:///C:/Program%20Files/AnyLogic%208.9%20Personal%20Learning%20Edition/plugins/com.anylogic.graphics3d_8.9.4.202503101134/static/build/three.js (21172)
[0514/133915.336:INFO:CONSOLE(3660)] "THREE.ColladaLoader: File version 1.4.0", source: file:///C:/Program%20Files/AnyLogic%208.9%20Personal%20Learning%20Edition/plugins/com.anylogic.graphics3d_8.9.4.202503101134/static/libs/ColladaLoader.js (3660)
[0514/133915.354:INFO:CONSOLE(255)] "Loaded: file:C:/Users/User/OneDrive/Documentos/tesis/hill climbing/final_revision/3d/policeman.dae", source: file:///C:/Program%20Files/AnyLogic%208.9%20Personal%20Learning%20Edition/plugins/com.anylogic.graphics3d_8.9.4.202503101134/static/init.js (255)
[0514/133915.354:INFO:CONSOLE(271)] "load end: file:C:/Users/User/OneDrive/Documentos/tesis/hill climbing/final_revision/3d/policeman.dae", source: file:///C:/Program%20Files/AnyLogic%208.9%20Personal%20Learning%20Edition/plugins/com.anylogic.graphics3d_8.9.4.202503101134/static/init.js (271)
[0514/134112.478:ERROR:gpu_init.cc(523)] Passthrough is not supported, GL is disabled, ANGLE is 
[0514/134939.126:WARNING:dns_config_service_win.cc(583)] Failed to read DnsConfig.
[0514/134939.132:WARNING:dns_config_service_win.cc(583)] Failed to read DnsConfig.
[0514/134944.148:WARNING:dns_config_service_win.cc(583)] Failed to read DnsConfig.
[0514/134944.148:WARNING:dns_config_service_win.cc(583)] Failed to read DnsConfig.
[0514/134954.165:WARNING:dns_config_service_win.cc(583)] Failed to read DnsConfig.
[0514/134954.165:WARNING:dns_config_service_win.cc(583)] Failed to read DnsConfig.
[0514/135014.183:WARNING:dns_config_service_win.cc(583)] Failed to read DnsConfig.
[0514/135014.185:WARNING:dns_config_service_win.cc(583)] Failed to read DnsConfig.
[0518/160424.437:INFO:CONSOLE(21172)] "THREE.WebGLRenderer 92", source: file:///C:/Program%20Files/AnyLogic%208.9%20Personal%20Learning%20Edition/plugins/com.anylogic.graphics3d_8.9.4.202503101134/static/build/three.js (21172)
[0518/160425.329:INFO:CONSOLE(3660)] "THREE.ColladaLoader: File version 1.4.0", source: file:///C:/Program%20Files/AnyLogic%208.9%20Personal%20Learning%20Edition/plugins/com.anylogic.graphics3d_8.9.4.202503101134/static/libs/ColladaLoader.js (3660)
[0518/160425.342:INFO:CONSOLE(255)] "Loaded: file:C:/Users/User/OneDrive/Documentos/tesis/hill climbing/final_revision/3d/policeman.dae", source: file:///C:/Program%20Files/AnyLogic%208.9%20Personal%20Learning%20Edition/plugins/com.anylogic.graphics3d_8.9.4.202503101134/static/init.js (255)
[0518/160425.343:INFO:CONSOLE(271)] "load end: file:C:/Users/User/OneDrive/Documentos/tesis/hill climbing/final_revision/3d/policeman.dae", source: file:///C:/Program%20Files/AnyLogic%208.9%20Personal%20Learning%20Edition/plugins/com.anylogic.graphics3d_8.9.4.202503101134/static/init.js (271)
[0518/160623.412:ERROR:gpu_init.cc(523)] Passthrough is not supported, GL is disabled, ANGLE is 
[0518/161420.623:INFO:CONSOLE(21172)] "THREE.WebGLRenderer 92", source: file:///C:/Program%20Files/AnyLogic%208.9%20Personal%20Learning%20Edition/plugins/com.anylogic.graphics3d_8.9.4.202503101134/static/build/three.js (21172)
[0518/161421.521:INFO:CONSOLE(3660)] "THREE.ColladaLoader: File version 1.4.0", source: file:///C:/Program%20Files/AnyLogic%208.9%20Personal%20Learning%20Edition/plugins/com.anylogic.graphics3d_8.9.4.202503101134/static/libs/ColladaLoader.js (3660)
[0518/161421.535:INFO:CONSOLE(255)] "Loaded: file:C:/Users/User/OneDrive/Documentos/tesis/SA/final_revision/3d/policeman.dae", source: file:///C:/Program%20Files/AnyLogic%208.9%20Personal%20Learning%20Edition/plugins/com.anylogic.graphics3d_8.9.4.202503101134/static/init.js (255)
[0518/161421.535:INFO:CONSOLE(271)] "load end: file:C:/Users/User/OneDrive/Documentos/tesis/SA/final_revision/3d/policeman.dae", source: file:///C:/Program%20Files/AnyLogic%208.9%20Personal%20Learning%20Edition/plugins/com.anylogic.graphics3d_8.9.4.202503101134/static/init.js (271)
[0518/161619.670:ERROR:gpu_init.cc(523)] Passthrough is not supported, GL is disabled, ANGLE is 
[0522/160922.358:INFO:CONSOLE(21172)] "THREE.WebGLRenderer 92", source: file:///C:/Program%20Files/AnyLogic%208.9%20Personal%20Learning%20Edition/plugins/com.anylogic.graphics3d_8.9.4.202503030442/static/build/three.js (21172)
[0522/160922.941:INFO:CONSOLE(3660)] "THREE.ColladaLoader: File version 1.4.0", source: file:///C:/Program%20Files/AnyLogic%208.9%20Personal%20Learning%20Edition/plugins/com.anylogic.graphics3d_8.9.4.202503030442/static/libs/ColladaLoader.js (3660)
[0522/160922.996:INFO:CONSOLE(255)] "Loaded: file:C:/Users/Hewlett Packard/Documents/tesis/SA/final_revision/3d/policeman.dae", source: file:///C:/Program%20Files/AnyLogic%208.9%20Personal%20Learning%20Edition/plugins/com.anylogic.graphics3d_8.9.4.202503030442/static/init.js (255)
[0522/160922.996:INFO:CONSOLE(271)] "load end: file:C:/Users/Hewlett Packard/Documents/tesis/SA/final_revision/3d/policeman.dae", source: file:///C:/Program%20Files/AnyLogic%208.9%20Personal%20Learning%20Edition/plugins/com.anylogic.graphics3d_8.9.4.202503030442/static/init.js (271)
